<?xml version="1.0" encoding="UTF-8"?>
<!-- Generated by org.testng.reporters.JUnitReportReporter -->
<testsuite hostname="Sameer" failures="0" tests="1" name="SampleDemoTest.DemoLogin" time="8.133" errors="0" timestamp="2022-08-27T21:03:59 AEST" skipped="0">
  <testcase classname="SampleDemoTest.DemoLogin" name="test" time="8.133"/>
  <system-out/>
</testsuite> <!-- SampleDemoTest.DemoLogin -->
